2026-02-16 17:26:06 - WildlifeInjuryDetection - INFO - YOLOv8 detector initialized successfully
2026-02-16 17:26:06 - WildlifeInjuryDetection - INFO - SlowFast analyzer initialized successfully
2026-02-16 17:26:06 - WildlifeInjuryDetection - INFO - Starting Wildlife Injury Detection System...
2026-02-16 17:26:11 - WildlifeInjuryDetection - INFO - YOLOv8 detector initialized successfully
2026-02-16 17:26:11 - WildlifeInjuryDetection - INFO - SlowFast analyzer initialized successfully
2026-02-16 17:26:11 - WildlifeInjuryDetection - INFO - Starting Wildlife Injury Detection System...
2026-02-16 18:01:43 - WildlifeInjuryDetection - INFO - YOLOv8 detector initialized successfully
2026-02-16 18:01:43 - WildlifeInjuryDetection - INFO - SlowFast analyzer initialized successfully
2026-02-16 18:01:43 - WildlifeInjuryDetection - INFO - Starting Wildlife Injury Detection System...
2026-02-16 18:02:00 - WildlifeInjuryDetection - INFO - YOLOv8 detector initialized successfully
2026-02-16 18:02:00 - WildlifeInjuryDetection - INFO - SlowFast analyzer initialized successfully
2026-02-16 18:02:00 - WildlifeInjuryDetection - INFO - Starting Wildlife Injury Detection System...
2026-02-16 18:04:10 - WildlifeInjuryDetection - INFO - YOLOv8 detector initialized successfully
2026-02-16 18:04:10 - WildlifeInjuryDetection - INFO - SlowFast analyzer initialized successfully
2026-02-16 18:04:10 - WildlifeInjuryDetection - INFO - Starting Wildlife Injury Detection System...
2026-02-16 18:04:23 - WildlifeInjuryDetection - INFO - YOLOv8 detector initialized successfully
2026-02-16 18:04:23 - WildlifeInjuryDetection - INFO - SlowFast analyzer initialized successfully
2026-02-16 18:04:23 - WildlifeInjuryDetection - INFO - Starting Wildlife Injury Detection System...
2026-02-16 18:08:17 - WildlifeInjuryDetection - INFO - Image uploaded: zebra_6d5c85b4-03fb-4ce4-ad69-1280fcacca10.jpg
2026-02-16 18:08:17 - WildlifeInjuryDetection - INFO - Processing image: C:\Users\arsath\Documents\Zoom\WildlifeInjuryDetection\static\uploads\zebra_6d5c85b4-03fb-4ce4-ad69-1280fcacca10.jpg
2026-02-16 18:08:17 - WildlifeInjuryDetection - INFO - YOLOv8 detections: [{'bbox': [180, 40, 617, 421], 'confidence': 0.9096866250038147, 'class_id': 22, 'class_name': 'zebra'}]
2026-02-16 18:09:04 - WildlifeInjuryDetection - INFO - Image uploaded: a-majestic-lion-rests-on-a-rock-under-dramatic-clouds-showcasing-its-powerful-presence-photo_04cb9017-e0c9-42bf-a7da-00b8d80cb03e.jpg
2026-02-16 18:09:04 - WildlifeInjuryDetection - INFO - Processing image: C:\Users\arsath\Documents\Zoom\WildlifeInjuryDetection\static\uploads\a-majestic-lion-rests-on-a-rock-under-dramatic-clouds-showcasing-its-powerful-presence-photo_04cb9017-e0c9-42bf-a7da-00b8d80cb03e.jpg
2026-02-16 18:09:05 - WildlifeInjuryDetection - INFO - YOLOv8 detections: []
2026-02-16 18:09:52 - WildlifeInjuryDetection - INFO - Image uploaded: WhatsApp_Image_2026-02-02_at_11.57.06_PM_1_6ae0846f-69b7-439b-bdab-ba8d283798a1.jpeg
2026-02-16 18:09:52 - WildlifeInjuryDetection - INFO - Processing image: C:\Users\arsath\Documents\Zoom\WildlifeInjuryDetection\static\uploads\WhatsApp_Image_2026-02-02_at_11.57.06_PM_1_6ae0846f-69b7-439b-bdab-ba8d283798a1.jpeg
2026-02-16 18:09:53 - WildlifeInjuryDetection - INFO - YOLOv8 detections: [{'bbox': [140, 74, 837, 772], 'confidence': 0.9197503328323364, 'class_id': 0, 'class_name': 'person'}]
2026-02-16 18:11:05 - WildlifeInjuryDetection - INFO - Image uploaded: ge_cea42ea8-e1cf-488e-85ce-eb74ae6d38c1.webp
2026-02-16 18:11:05 - WildlifeInjuryDetection - INFO - Processing image: C:\Users\arsath\Documents\Zoom\WildlifeInjuryDetection\static\uploads\ge_cea42ea8-e1cf-488e-85ce-eb74ae6d38c1.webp
2026-02-16 18:11:05 - WildlifeInjuryDetection - INFO - YOLOv8 detections: []
2026-02-16 18:12:09 - WildlifeInjuryDetection - INFO - Image uploaded: graffie_90f62b88-14f5-40f8-a225-b6ccdcb1bb1b.jpg
2026-02-16 18:12:09 - WildlifeInjuryDetection - INFO - Processing image: C:\Users\arsath\Documents\Zoom\WildlifeInjuryDetection\static\uploads\graffie_90f62b88-14f5-40f8-a225-b6ccdcb1bb1b.jpg
2026-02-16 18:12:09 - WildlifeInjuryDetection - INFO - YOLOv8 detections: [{'bbox': [497, 10, 1406, 859], 'confidence': 0.8525618314743042, 'class_id': 23, 'class_name': 'giraffe'}]
2026-02-16 18:22:13 - WildlifeInjuryDetection - INFO - YOLOv8 detector initialized successfully
2026-02-16 18:22:13 - WildlifeInjuryDetection - INFO - SlowFast analyzer initialized successfully
2026-02-16 18:22:13 - WildlifeInjuryDetection - INFO - Starting Wildlife Injury Detection System...
2026-02-16 18:22:34 - WildlifeInjuryDetection - INFO - YOLOv8 detector initialized successfully
2026-02-16 18:22:34 - WildlifeInjuryDetection - INFO - SlowFast analyzer initialized successfully
2026-02-16 18:22:34 - WildlifeInjuryDetection - INFO - Starting Wildlife Injury Detection System...
2026-02-16 18:23:39 - WildlifeInjuryDetection - INFO - YOLOv8 detector initialized successfully
2026-02-16 18:23:39 - WildlifeInjuryDetection - INFO - SlowFast analyzer initialized successfully
2026-02-16 18:23:39 - WildlifeInjuryDetection - INFO - Starting Wildlife Injury Detection System...
2026-02-16 18:23:55 - WildlifeInjuryDetection - INFO - YOLOv8 detector initialized successfully
2026-02-16 18:23:55 - WildlifeInjuryDetection - INFO - SlowFast analyzer initialized successfully
2026-02-16 18:23:55 - WildlifeInjuryDetection - INFO - Starting Wildlife Injury Detection System...
2026-02-16 18:24:28 - WildlifeInjuryDetection - INFO - YOLOv8 detector initialized successfully
2026-02-16 18:24:28 - WildlifeInjuryDetection - INFO - SlowFast analyzer initialized successfully
2026-02-16 18:24:28 - WildlifeInjuryDetection - INFO - Starting Wildlife Injury Detection System...
2026-02-16 18:35:07 - WildlifeInjuryDetection - INFO - YOLOv8 detector initialized successfully
2026-02-16 18:35:07 - WildlifeInjuryDetection - INFO - SlowFast analyzer initialized successfully
2026-02-16 18:35:07 - WildlifeInjuryDetection - INFO - Starting Wildlife Injury Detection System...
2026-02-16 18:38:33 - WildlifeInjuryDetection - INFO - YOLOv8 detector initialized successfully
2026-02-16 18:38:33 - WildlifeInjuryDetection - INFO - SlowFast analyzer initialized successfully
2026-02-16 18:38:33 - WildlifeInjuryDetection - INFO - Starting Wildlife Injury Detection System...
2026-02-16 18:38:43 - WildlifeInjuryDetection - INFO - YOLOv8 detector initialized successfully
2026-02-16 18:38:43 - WildlifeInjuryDetection - INFO - SlowFast analyzer initialized successfully
2026-02-16 18:38:43 - WildlifeInjuryDetection - INFO - Starting Wildlife Injury Detection System...
2026-02-16 18:43:19 - WildlifeInjuryDetection - INFO - YOLOv8 detector initialized successfully
2026-02-16 18:43:19 - WildlifeInjuryDetection - INFO - SlowFast analyzer initialized successfully
2026-02-16 18:43:19 - WildlifeInjuryDetection - INFO - Starting Wildlife Injury Detection System...
2026-02-16 18:44:50 - WildlifeInjuryDetection - INFO - YOLOv8 detector initialized successfully
2026-02-16 18:44:50 - WildlifeInjuryDetection - INFO - SlowFast analyzer initialized successfully
2026-02-16 18:44:50 - WildlifeInjuryDetection - INFO - Starting Wildlife Injury Detection System...
2026-02-16 18:46:49 - WildlifeInjuryDetection - INFO - YOLOv8 detector initialized successfully
2026-02-16 18:46:49 - WildlifeInjuryDetection - INFO - SlowFast analyzer initialized successfully
2026-02-16 18:46:49 - WildlifeInjuryDetection - INFO - Starting Wildlife Injury Detection System...
2026-02-16 18:46:58 - WildlifeInjuryDetection - INFO - YOLOv8 detector initialized successfully
2026-02-16 18:46:58 - WildlifeInjuryDetection - INFO - SlowFast analyzer initialized successfully
2026-02-16 18:46:58 - WildlifeInjuryDetection - INFO - Starting Wildlife Injury Detection System...
2026-02-16 18:51:21 - WildlifeInjuryDetection - INFO - YOLOv8 detector initialized successfully
2026-02-16 18:51:21 - WildlifeInjuryDetection - INFO - SlowFast analyzer initialized successfully
2026-02-16 18:51:21 - WildlifeInjuryDetection - INFO - Starting Wildlife Injury Detection System...
2026-02-16 18:54:15 - WildlifeInjuryDetection - INFO - YOLOv8 detector initialized successfully
2026-02-16 18:54:15 - WildlifeInjuryDetection - INFO - SlowFast analyzer initialized successfully
2026-02-16 18:54:15 - WildlifeInjuryDetection - INFO - Starting Wildlife Injury Detection System...
2026-02-16 18:56:31 - WildlifeInjuryDetection - INFO - YOLOv8 detector initialized successfully
2026-02-16 18:56:31 - WildlifeInjuryDetection - INFO - SlowFast analyzer initialized successfully
2026-02-16 18:56:31 - WildlifeInjuryDetection - INFO - Starting Wildlife Injury Detection System...
2026-02-16 19:04:33 - WildlifeInjuryDetection - INFO - YOLOv8 detector initialized successfully
2026-02-16 19:04:33 - WildlifeInjuryDetection - INFO - SlowFast analyzer initialized successfully
2026-02-16 19:04:33 - WildlifeInjuryDetection - INFO - Starting Wildlife Injury Detection System...
2026-02-16 19:08:21 - WildlifeInjuryDetection - INFO - Image uploaded: graffie_9eacdc3e-b111-45ad-b4d4-77d08ce54564.jpg
2026-02-16 19:08:21 - WildlifeInjuryDetection - INFO - Processing image: C:\Users\arsath\Documents\Zoom\WildlifeInjuryDetection\static\uploads\graffie_9eacdc3e-b111-45ad-b4d4-77d08ce54564.jpg
2026-02-16 19:08:21 - WildlifeInjuryDetection - INFO - YOLOv8 detections: [{'bbox': [497, 10, 1406, 859], 'confidence': 0.8525618314743042, 'class_id': 23, 'class_name': 'giraffe'}]
2026-02-16 19:16:02 - WildlifeInjuryDetection - INFO - YOLOv8 detector initialized successfully
2026-02-16 19:16:02 - WildlifeInjuryDetection - INFO - SlowFast analyzer initialized successfully
2026-02-16 19:16:02 - WildlifeInjuryDetection - INFO - Starting Wildlife Injury Detection System...
2026-02-16 19:16:12 - WildlifeInjuryDetection - INFO - YOLOv8 detector initialized successfully
2026-02-16 19:16:12 - WildlifeInjuryDetection - INFO - SlowFast analyzer initialized successfully
2026-02-16 19:16:12 - WildlifeInjuryDetection - INFO - Starting Wildlife Injury Detection System...
2026-02-16 19:16:27 - WildlifeInjuryDetection - INFO - Image uploaded: a-majestic-lion-rests-on-a-rock-under-dramatic-clouds-showcasing-its-powerful-presence-photo_3ee4a172-9dcd-4b95-a01a-28e9a2409051.jpg
2026-02-16 19:16:27 - WildlifeInjuryDetection - INFO - Processing image: C:\Users\arsath\Documents\Zoom\WildlifeInjuryDetection\static\uploads\a-majestic-lion-rests-on-a-rock-under-dramatic-clouds-showcasing-its-powerful-presence-photo_3ee4a172-9dcd-4b95-a01a-28e9a2409051.jpg
2026-02-16 19:16:28 - WildlifeInjuryDetection - INFO - YOLOv8 detections: []
2026-02-16 19:16:41 - WildlifeInjuryDetection - INFO - Image uploaded: a-majestic-lion-rests-on-a-rock-under-dramatic-clouds-showcasing-its-powerful-presence-photo_3e3dc7c2-2066-48d2-865d-6298582f11fa.jpg
2026-02-16 19:16:41 - WildlifeInjuryDetection - INFO - Processing image: C:\Users\arsath\Documents\Zoom\WildlifeInjuryDetection\static\uploads\a-majestic-lion-rests-on-a-rock-under-dramatic-clouds-showcasing-its-powerful-presence-photo_3e3dc7c2-2066-48d2-865d-6298582f11fa.jpg
2026-02-16 19:16:41 - WildlifeInjuryDetection - INFO - YOLOv8 detections: []
2026-02-16 19:17:07 - WildlifeInjuryDetection - INFO - Image uploaded: zebra_09c51660-49b0-4bd7-b4ec-4cb3bebc59c4.jpg
2026-02-16 19:17:07 - WildlifeInjuryDetection - INFO - Processing image: C:\Users\arsath\Documents\Zoom\WildlifeInjuryDetection\static\uploads\zebra_09c51660-49b0-4bd7-b4ec-4cb3bebc59c4.jpg
2026-02-16 19:17:08 - WildlifeInjuryDetection - INFO - YOLOv8 detections: [{'bbox': [180, 40, 617, 421], 'confidence': 0.9096866250038147, 'class_id': 22, 'class_name': 'zebra'}]
2026-02-16 19:17:33 - WildlifeInjuryDetection - INFO - Image uploaded: a-majestic-lion-rests-on-a-rock-under-dramatic-clouds-showcasing-its-powerful-presence-photo_18f689aa-0101-456e-9f17-8d5168fea608.jpg
2026-02-16 19:17:33 - WildlifeInjuryDetection - INFO - Processing image: C:\Users\arsath\Documents\Zoom\WildlifeInjuryDetection\static\uploads\a-majestic-lion-rests-on-a-rock-under-dramatic-clouds-showcasing-its-powerful-presence-photo_18f689aa-0101-456e-9f17-8d5168fea608.jpg
2026-02-16 19:17:34 - WildlifeInjuryDetection - INFO - YOLOv8 detections: []
2026-02-16 19:18:31 - WildlifeInjuryDetection - INFO - Image uploaded: gettyimages-157528384-612x612_3b28a576-8be8-4eee-a475-b0e68b418473.jpg
2026-02-16 19:18:32 - WildlifeInjuryDetection - INFO - Processing image: C:\Users\arsath\Documents\Zoom\WildlifeInjuryDetection\static\uploads\gettyimages-157528384-612x612_3b28a576-8be8-4eee-a475-b0e68b418473.jpg
2026-02-16 19:18:32 - WildlifeInjuryDetection - INFO - YOLOv8 detections: [{'bbox': [54, 108, 262, 336], 'confidence': 0.854263961315155, 'class_id': 16, 'class_name': 'dog'}]
2026-02-16 19:18:51 - WildlifeInjuryDetection - INFO - Image uploaded: shutterstock-735713020-huge-licensed-scaled-1024x821_6d7d6929-b17e-4003-8454-be0a66c685a6.jpg
2026-02-16 19:18:51 - WildlifeInjuryDetection - INFO - Processing image: C:\Users\arsath\Documents\Zoom\WildlifeInjuryDetection\static\uploads\shutterstock-735713020-huge-licensed-scaled-1024x821_6d7d6929-b17e-4003-8454-be0a66c685a6.jpg
2026-02-16 19:18:52 - WildlifeInjuryDetection - INFO - YOLOv8 detections: []
2026-02-16 20:19:59 - WildlifeInjuryDetection - INFO - YOLOv8 detector initialized successfully
2026-02-16 20:19:59 - WildlifeInjuryDetection - INFO - SlowFast analyzer initialized successfully
2026-02-16 20:19:59 - WildlifeInjuryDetection - INFO - Starting Wildlife Injury Detection System...
2026-02-16 20:20:09 - WildlifeInjuryDetection - INFO - YOLOv8 detector initialized successfully
2026-02-16 20:20:09 - WildlifeInjuryDetection - INFO - SlowFast analyzer initialized successfully
2026-02-16 20:20:09 - WildlifeInjuryDetection - INFO - Starting Wildlife Injury Detection System...
2026-02-16 20:20:23 - WildlifeInjuryDetection - INFO - Image uploaded: a-majestic-lion-rests-on-a-rock-under-dramatic-clouds-showcasing-its-powerful-presence-photo_b0fd92ed-caae-49c7-bac1-00702dfc6fb3.jpg
2026-02-16 20:20:23 - WildlifeInjuryDetection - INFO - Processing image: C:\Users\arsath\Documents\Zoom\WildlifeInjuryDetection\static\uploads\a-majestic-lion-rests-on-a-rock-under-dramatic-clouds-showcasing-its-powerful-presence-photo_b0fd92ed-caae-49c7-bac1-00702dfc6fb3.jpg
2026-02-16 20:20:24 - WildlifeInjuryDetection - INFO - YOLOv8 detections: []
2026-02-16 20:21:21 - WildlifeInjuryDetection - INFO - Image uploaded: download_35601428-4bb2-4db4-afe6-76c3a88ffb57.jpg
2026-02-16 20:21:21 - WildlifeInjuryDetection - INFO - Processing image: C:\Users\arsath\Documents\Zoom\WildlifeInjuryDetection\static\uploads\download_35601428-4bb2-4db4-afe6-76c3a88ffb57.jpg
2026-02-16 20:21:22 - WildlifeInjuryDetection - INFO - YOLOv8 detections: []
2026-02-16 20:21:57 - WildlifeInjuryDetection - INFO - Image uploaded: zebra_a26e614a-8e63-42db-8ca4-1f09f5d68750.jpg
2026-02-16 20:21:57 - WildlifeInjuryDetection - INFO - Processing image: C:\Users\arsath\Documents\Zoom\WildlifeInjuryDetection\static\uploads\zebra_a26e614a-8e63-42db-8ca4-1f09f5d68750.jpg
2026-02-16 20:21:58 - WildlifeInjuryDetection - INFO - YOLOv8 detections: []
2026-02-16 20:23:51 - WildlifeInjuryDetection - INFO - YOLOv8 detector initialized successfully
2026-02-16 20:23:51 - WildlifeInjuryDetection - INFO - SlowFast analyzer initialized successfully
2026-02-16 20:23:51 - WildlifeInjuryDetection - INFO - Starting Wildlife Injury Detection System...
2026-02-16 20:24:06 - WildlifeInjuryDetection - INFO - Image uploaded: zebra_c3223463-ba01-496c-88ed-e78c5aedb20e.jpg
2026-02-16 20:24:06 - WildlifeInjuryDetection - INFO - Processing image: C:\Users\arsath\Documents\Zoom\WildlifeInjuryDetection\static\uploads\zebra_c3223463-ba01-496c-88ed-e78c5aedb20e.jpg
2026-02-16 20:24:06 - WildlifeInjuryDetection - INFO - YOLOv8 detections: []
2026-02-16 20:32:56 - WildlifeInjuryDetection - INFO - YOLOv8 detector initialized successfully
2026-02-16 20:32:56 - WildlifeInjuryDetection - INFO - SlowFast analyzer initialized successfully
2026-02-16 20:32:56 - WildlifeInjuryDetection - INFO - Starting Wildlife Injury Detection System...
2026-02-16 20:33:06 - WildlifeInjuryDetection - INFO - YOLOv8 detector initialized successfully
2026-02-16 20:33:06 - WildlifeInjuryDetection - INFO - SlowFast analyzer initialized successfully
2026-02-16 20:33:06 - WildlifeInjuryDetection - INFO - Starting Wildlife Injury Detection System...
2026-02-16 20:33:20 - WildlifeInjuryDetection - INFO - Image uploaded: graffie_ef638d76-bd2b-43a6-a7c5-c5f75e6a0fb4.jpg
2026-02-16 20:33:20 - WildlifeInjuryDetection - INFO - Processing image: C:\Users\arsath\Documents\Zoom\WildlifeInjuryDetection\static\uploads\graffie_ef638d76-bd2b-43a6-a7c5-c5f75e6a0fb4.jpg
2026-02-16 20:33:21 - WildlifeInjuryDetection - INFO - YOLOv8 detections: []
2026-02-16 20:33:30 - WildlifeInjuryDetection - INFO - Image uploaded: graffie_45944083-559d-4084-811c-f0563cefa3b6.jpg
2026-02-16 20:33:30 - WildlifeInjuryDetection - INFO - Processing image: C:\Users\arsath\Documents\Zoom\WildlifeInjuryDetection\static\uploads\graffie_45944083-559d-4084-811c-f0563cefa3b6.jpg
2026-02-16 20:33:30 - WildlifeInjuryDetection - INFO - YOLOv8 detections: []
2026-02-16 21:06:39 - WildlifeInjuryDetection - INFO - Image uploaded: WhatsApp_Image_2026-02-02_at_11.57.06_PM_1_035e0842-e05f-4b5d-ac11-4647b55575a2.jpeg
2026-02-16 21:06:39 - WildlifeInjuryDetection - INFO - Processing image: C:\Users\arsath\Documents\Zoom\WildlifeInjuryDetection\static\uploads\WhatsApp_Image_2026-02-02_at_11.57.06_PM_1_035e0842-e05f-4b5d-ac11-4647b55575a2.jpeg
2026-02-16 21:06:40 - WildlifeInjuryDetection - INFO - YOLOv8 detections: [{'bbox': [360, 69, 638, 771], 'confidence': 0.4670155346393585, 'class_id': 2, 'class_name': 'Elephant'}]
2026-02-16 21:40:26 - WildlifeInjuryDetection - INFO - YOLOv8 detector initialized successfully
2026-02-16 21:40:26 - WildlifeInjuryDetection - INFO - SlowFast analyzer initialized successfully
2026-02-16 21:40:26 - WildlifeInjuryDetection - INFO - Starting Wildlife Injury Detection System...
2026-02-16 21:40:32 - WildlifeInjuryDetection - INFO - YOLOv8 detector initialized successfully
2026-02-16 21:40:32 - WildlifeInjuryDetection - INFO - SlowFast analyzer initialized successfully
2026-02-16 21:40:32 - WildlifeInjuryDetection - INFO - Starting Wildlife Injury Detection System...
2026-02-16 21:41:20 - WildlifeInjuryDetection - INFO - Image uploaded: download_9da01f04-c21c-49a1-9b9f-4f7e884b16ee.jpg
2026-02-16 21:41:20 - WildlifeInjuryDetection - INFO - Processing image: C:\Users\arsath\Documents\Zoom\WildlifeInjuryDetection\static\uploads\download_9da01f04-c21c-49a1-9b9f-4f7e884b16ee.jpg
2026-02-16 21:41:21 - WildlifeInjuryDetection - INFO - YOLOv8 detections: [{'bbox': [51, 13, 237, 179], 'confidence': 0.5979321002960205, 'class_id': 7, 'class_name': 'Wild_Boar'}]
2026-02-16 21:42:03 - WildlifeInjuryDetection - INFO - Image uploaded: download_785a013a-531c-4c54-a51e-9ad4e03ba68c.jpg
2026-02-16 21:42:03 - WildlifeInjuryDetection - INFO - Processing image: C:\Users\arsath\Documents\Zoom\WildlifeInjuryDetection\static\uploads\download_785a013a-531c-4c54-a51e-9ad4e03ba68c.jpg
2026-02-16 21:42:03 - WildlifeInjuryDetection - INFO - YOLOv8 detections: []
2026-02-16 21:42:27 - WildlifeInjuryDetection - INFO - Image uploaded: annotation-lions_cc441076-0933-4db1-b965-566c888df11b.png
2026-02-16 21:42:27 - WildlifeInjuryDetection - INFO - Processing image: C:\Users\arsath\Documents\Zoom\WildlifeInjuryDetection\static\uploads\annotation-lions_cc441076-0933-4db1-b965-566c888df11b.png
2026-02-16 21:42:27 - WildlifeInjuryDetection - INFO - YOLOv8 detections: []
2026-02-16 21:42:51 - WildlifeInjuryDetection - INFO - Image uploaded: images_5710ea71-bcbe-4c46-881d-726321cb62ec.jpg
2026-02-16 21:42:51 - WildlifeInjuryDetection - INFO - Processing image: C:\Users\arsath\Documents\Zoom\WildlifeInjuryDetection\static\uploads\images_5710ea71-bcbe-4c46-881d-726321cb62ec.jpg
2026-02-16 21:42:51 - WildlifeInjuryDetection - INFO - YOLOv8 detections: [{'bbox': [66, 28, 231, 162], 'confidence': 0.6525837779045105, 'class_id': 7, 'class_name': 'Wild_Boar'}]
2026-02-16 22:30:32 - WildlifeInjuryDetection - INFO - Image uploaded: download_e49d3afa-1b6a-47ae-ae1f-7837e15b0621.jpg
2026-02-16 22:30:32 - WildlifeInjuryDetection - INFO - Processing image: C:\Users\arsath\Documents\Zoom\WildlifeInjuryDetection\static\uploads\download_e49d3afa-1b6a-47ae-ae1f-7837e15b0621.jpg
2026-02-16 22:30:32 - WildlifeInjuryDetection - INFO - YOLOv8 detections: [{'bbox': [19, 49, 169, 274], 'confidence': 0.8966295719146729, 'class_id': 2, 'class_name': 'Elephant'}]
2026-02-16 22:30:54 - WildlifeInjuryDetection - INFO - Image uploaded: images_51047af3-7582-4f57-b99c-8437f5e5c216.jpg
2026-02-16 22:30:54 - WildlifeInjuryDetection - INFO - Processing image: C:\Users\arsath\Documents\Zoom\WildlifeInjuryDetection\static\uploads\images_51047af3-7582-4f57-b99c-8437f5e5c216.jpg
2026-02-16 22:30:54 - WildlifeInjuryDetection - INFO - YOLOv8 detections: [{'bbox': [66, 28, 231, 162], 'confidence': 0.6525837779045105, 'class_id': 7, 'class_name': 'Wild_Boar'}]
2026-02-16 23:20:37 - WildlifeInjuryDetection - INFO - Image uploaded: hero_wild_swine_animals_1228bd99-7bde-4aec-878c-fb85ea075ecd.jpg
2026-02-16 23:20:37 - WildlifeInjuryDetection - INFO - Processing image: C:\Users\arsath\Documents\Zoom\WildlifeInjuryDetection\static\uploads\hero_wild_swine_animals_1228bd99-7bde-4aec-878c-fb85ea075ecd.jpg
2026-02-16 23:20:37 - WildlifeInjuryDetection - INFO - YOLOv8 detections: [{'bbox': [0, 7, 403, 636], 'confidence': 0.25441470742225647, 'class_id': 2, 'class_name': 'Elephant'}]
2026-02-16 23:21:20 - WildlifeInjuryDetection - INFO - Image uploaded: images_a75f6fe8-2cb0-41c3-a17c-ffc1c7741547.jpg
2026-02-16 23:21:20 - WildlifeInjuryDetection - INFO - Processing image: C:\Users\arsath\Documents\Zoom\WildlifeInjuryDetection\static\uploads\images_a75f6fe8-2cb0-41c3-a17c-ffc1c7741547.jpg
2026-02-16 23:21:20 - WildlifeInjuryDetection - INFO - YOLOv8 detections: [{'bbox': [4, 0, 183, 125], 'confidence': 0.48942914605140686, 'class_id': 2, 'class_name': 'Elephant'}]
2026-02-16 23:21:47 - WildlifeInjuryDetection - INFO - Image uploaded: shutterstock-735713020-huge-licensed-scaled-1024x821_bdf3b2f2-df43-42ed-bc5a-74972898c789.jpg
2026-02-16 23:21:47 - WildlifeInjuryDetection - INFO - Processing image: C:\Users\arsath\Documents\Zoom\WildlifeInjuryDetection\static\uploads\shutterstock-735713020-huge-licensed-scaled-1024x821_bdf3b2f2-df43-42ed-bc5a-74972898c789.jpg
2026-02-16 23:21:48 - WildlifeInjuryDetection - INFO - YOLOv8 detections: []
2026-02-16 23:22:06 - WildlifeInjuryDetection - INFO - Image uploaded: download_3aa05246-999b-4942-b409-d21e22cdbee2.jpg
2026-02-16 23:22:06 - WildlifeInjuryDetection - INFO - Processing image: C:\Users\arsath\Documents\Zoom\WildlifeInjuryDetection\static\uploads\download_3aa05246-999b-4942-b409-d21e22cdbee2.jpg
2026-02-16 23:22:06 - WildlifeInjuryDetection - INFO - YOLOv8 detections: [{'bbox': [22, 29, 104, 145], 'confidence': 0.541138768196106, 'class_id': 0, 'class_name': 'Bear'}]
2026-02-16 23:22:20 - WildlifeInjuryDetection - INFO - Image uploaded: download_b7114688-9ad7-44c8-bfc7-a55e968df88d.jpg
2026-02-16 23:22:20 - WildlifeInjuryDetection - INFO - Processing image: C:\Users\arsath\Documents\Zoom\WildlifeInjuryDetection\static\uploads\download_b7114688-9ad7-44c8-bfc7-a55e968df88d.jpg
2026-02-16 23:22:20 - WildlifeInjuryDetection - INFO - YOLOv8 detections: []
2026-02-16 23:22:31 - WildlifeInjuryDetection - INFO - Image uploaded: download_6f37df26-0e12-40ed-8217-7e017abdc9e8.jpg
2026-02-16 23:22:31 - WildlifeInjuryDetection - INFO - Processing image: C:\Users\arsath\Documents\Zoom\WildlifeInjuryDetection\static\uploads\download_6f37df26-0e12-40ed-8217-7e017abdc9e8.jpg
2026-02-16 23:22:32 - WildlifeInjuryDetection - INFO - YOLOv8 detections: [{'bbox': [52, 29, 170, 209], 'confidence': 0.5374498963356018, 'class_id': 0, 'class_name': 'Bear'}]
2026-02-16 23:23:43 - WildlifeInjuryDetection - INFO - Image uploaded: images_bd091287-ba6b-4489-b756-cf010d4aca1d.jpg
2026-02-16 23:23:43 - WildlifeInjuryDetection - INFO - Processing image: C:\Users\arsath\Documents\Zoom\WildlifeInjuryDetection\static\uploads\images_bd091287-ba6b-4489-b756-cf010d4aca1d.jpg
2026-02-16 23:23:43 - WildlifeInjuryDetection - INFO - YOLOv8 detections: [{'bbox': [26, 19, 169, 110], 'confidence': 0.4069616198539734, 'class_id': 2, 'class_name': 'Elephant'}]
2026-02-16 23:24:58 - WildlifeInjuryDetection - INFO - Image uploaded: images_044e5cd8-3690-44f0-9772-a220e4c6868d.jpg
2026-02-16 23:24:58 - WildlifeInjuryDetection - INFO - Processing image: C:\Users\arsath\Documents\Zoom\WildlifeInjuryDetection\static\uploads\images_044e5cd8-3690-44f0-9772-a220e4c6868d.jpg
2026-02-16 23:24:58 - WildlifeInjuryDetection - INFO - YOLOv8 detections: [{'bbox': [26, 19, 169, 110], 'confidence': 0.4069616198539734, 'class_id': 2, 'class_name': 'Elephant'}]
2026-02-16 23:51:27 - WildlifeInjuryDetection - INFO - YOLOv8 detector initialized successfully
2026-02-16 23:51:27 - WildlifeInjuryDetection - INFO - SlowFast analyzer initialized successfully
2026-02-16 23:51:27 - WildlifeInjuryDetection - INFO - Starting Wildlife Injury Detection System...
2026-02-16 23:51:36 - WildlifeInjuryDetection - INFO - YOLOv8 detector initialized successfully
2026-02-16 23:51:36 - WildlifeInjuryDetection - INFO - SlowFast analyzer initialized successfully
2026-02-16 23:51:36 - WildlifeInjuryDetection - INFO - Starting Wildlife Injury Detection System...
2026-02-16 23:53:32 - WildlifeInjuryDetection - INFO - Image uploaded: annotation-Animals_ecbf1d7d-31e5-4db5-9662-d49c4d9faa13.png
2026-02-16 23:53:32 - WildlifeInjuryDetection - INFO - Processing image: C:\Users\arsath\Documents\Zoom\WildlifeInjuryDetection\static\uploads\annotation-Animals_ecbf1d7d-31e5-4db5-9662-d49c4d9faa13.png
2026-02-16 23:53:33 - WildlifeInjuryDetection - INFO - YOLOv8 detections: []
2026-02-16 23:53:57 - WildlifeInjuryDetection - INFO - Image uploaded: download_96ec0fd4-ff46-4883-b6f2-ab6342c3c8f8.jpg
2026-02-16 23:53:57 - WildlifeInjuryDetection - INFO - Processing image: C:\Users\arsath\Documents\Zoom\WildlifeInjuryDetection\static\uploads\download_96ec0fd4-ff46-4883-b6f2-ab6342c3c8f8.jpg
2026-02-16 23:53:58 - WildlifeInjuryDetection - INFO - YOLOv8 detections: [{'bbox': [0, 26, 188, 140], 'confidence': 0.823084831237793, 'class_id': 0, 'class_name': '1'}]
2026-02-16 23:54:32 - WildlifeInjuryDetection - INFO - Image uploaded: download_046f653a-fe38-4c31-becf-bf2381772ab4.jpg
2026-02-16 23:54:32 - WildlifeInjuryDetection - INFO - Processing image: C:\Users\arsath\Documents\Zoom\WildlifeInjuryDetection\static\uploads\download_046f653a-fe38-4c31-becf-bf2381772ab4.jpg
2026-02-16 23:54:33 - WildlifeInjuryDetection - INFO - YOLOv8 detections: [{'bbox': [19, 27, 192, 141], 'confidence': 0.8783540725708008, 'class_id': 0, 'class_name': '1'}]
2026-02-16 23:55:24 - WildlifeInjuryDetection - INFO - Image uploaded: WhatsApp_Image_2026-02-02_at_11.57.06_PM_1_180291a3-4afd-403c-b036-6feed4d02f92.jpeg
2026-02-16 23:55:24 - WildlifeInjuryDetection - INFO - Processing image: C:\Users\arsath\Documents\Zoom\WildlifeInjuryDetection\static\uploads\WhatsApp_Image_2026-02-02_at_11.57.06_PM_1_180291a3-4afd-403c-b036-6feed4d02f92.jpeg
2026-02-16 23:55:25 - WildlifeInjuryDetection - INFO - YOLOv8 detections: [{'bbox': [366, 81, 640, 761], 'confidence': 0.5431972146034241, 'class_id': 0, 'class_name': '1'}]
2026-02-16 23:56:07 - WildlifeInjuryDetection - INFO - Image uploaded: zebra_0d688de8-ca6a-4c53-8eb6-56f18783af91.jpg
2026-02-16 23:56:07 - WildlifeInjuryDetection - INFO - Processing image: C:\Users\arsath\Documents\Zoom\WildlifeInjuryDetection\static\uploads\zebra_0d688de8-ca6a-4c53-8eb6-56f18783af91.jpg
2026-02-16 23:56:07 - WildlifeInjuryDetection - INFO - YOLOv8 detections: [{'bbox': [179, 40, 632, 418], 'confidence': 0.9171691536903381, 'class_id': 0, 'class_name': '1'}]
2026-02-17 00:18:22 - WildlifeInjuryDetection - INFO - Image uploaded: download_02de6e6e-df9b-4f76-9a87-dae116145ab7.jpg
2026-02-17 00:18:22 - WildlifeInjuryDetection - INFO - Processing image: C:\Users\arsath\Documents\Zoom\WildlifeInjuryDetection\static\uploads\download_02de6e6e-df9b-4f76-9a87-dae116145ab7.jpg
2026-02-17 00:18:23 - WildlifeInjuryDetection - INFO - YOLOv8 detections: [{'bbox': [106, 49, 212, 167], 'confidence': 0.7308323979377747, 'class_id': 12, 'class_name': '2'}, {'bbox': [32, 8, 113, 156], 'confidence': 0.6950532793998718, 'class_id': 0, 'class_name': '1'}, {'bbox': [163, 93, 273, 169], 'confidence': 0.6677636504173279, 'class_id': 12, 'class_name': '2'}]
2026-02-17 00:19:26 - WildlifeInjuryDetection - INFO - Image uploaded: istockphoto-1330084518-612x612_9e6a8c35-ff99-40c2-931d-d603d0ff8298.jpg
2026-02-17 00:19:26 - WildlifeInjuryDetection - INFO - Processing image: C:\Users\arsath\Documents\Zoom\WildlifeInjuryDetection\static\uploads\istockphoto-1330084518-612x612_9e6a8c35-ff99-40c2-931d-d603d0ff8298.jpg
2026-02-17 00:19:26 - WildlifeInjuryDetection - INFO - YOLOv8 detections: [{'bbox': [24, 49, 147, 239], 'confidence': 0.6269201636314392, 'class_id': 17, 'class_name': '3'}, {'bbox': [319, 103, 388, 203], 'confidence': 0.6229921579360962, 'class_id': 17, 'class_name': '3'}, {'bbox': [529, 158, 603, 252], 'confidence': 0.496878445148468, 'class_id': 18, 'class_name': '4'}, {'bbox': [214, 82, 286, 204], 'confidence': 0.4566936790943146, 'class_id': 12, 'class_name': '2'}, {'bbox': [344, 223, 475, 335], 'confidence': 0.391345739364624, 'class_id': 17, 'class_name': '3'}]
2026-02-17 00:19:35 - WildlifeInjuryDetection - INFO - Image uploaded: istockphoto-1330084518-612x612_fd992a08-049e-48da-a8dd-3e8880793a1a.jpg
2026-02-17 00:19:35 - WildlifeInjuryDetection - INFO - Processing image: C:\Users\arsath\Documents\Zoom\WildlifeInjuryDetection\static\uploads\istockphoto-1330084518-612x612_fd992a08-049e-48da-a8dd-3e8880793a1a.jpg
2026-02-17 00:19:36 - WildlifeInjuryDetection - INFO - YOLOv8 detections: [{'bbox': [24, 49, 147, 239], 'confidence': 0.6269201636314392, 'class_id': 17, 'class_name': '3'}, {'bbox': [319, 103, 388, 203], 'confidence': 0.6229921579360962, 'class_id': 17, 'class_name': '3'}, {'bbox': [529, 158, 603, 252], 'confidence': 0.496878445148468, 'class_id': 18, 'class_name': '4'}, {'bbox': [214, 82, 286, 204], 'confidence': 0.4566936790943146, 'class_id': 12, 'class_name': '2'}, {'bbox': [344, 223, 475, 335], 'confidence': 0.391345739364624, 'class_id': 17, 'class_name': '3'}]
